[22-May-2015 23:25:15 UTC] PHP Fatal error:  Call to undefined function base_url() in /home/ubuntu/workspace/codeigniter/application/views/welcome_message.php on line 7
[22-May-2015 23:25:15 UTC] PHP Stack trace:
[22-May-2015 23:25:15 UTC] PHP   1. {main}() /home/ubuntu/workspace/codeigniter/index.php:0
[22-May-2015 23:25:15 UTC] PHP   2. require_once() /home/ubuntu/workspace/codeigniter/index.php:202
[22-May-2015 23:25:15 UTC] PHP   3. call_user_func_array:{/home/ubuntu/workspace/codeigniter/system/core/CodeIgniter.php:359}() /home/ubuntu/workspace/codeigniter/system/core/CodeIgniter.php:359
[22-May-2015 23:25:15 UTC] PHP   4. Welcome->index() /home/ubuntu/workspace/codeigniter/system/core/CodeIgniter.php:359
[22-May-2015 23:25:15 UTC] PHP   5. CI_Loader->view() /home/ubuntu/workspace/codeigniter/application/controllers/welcome.php:22
[22-May-2015 23:25:15 UTC] PHP   6. CI_Loader->_ci_load() /home/ubuntu/workspace/codeigniter/system/core/Loader.php:419
[22-May-2015 23:25:15 UTC] PHP   7. include() /home/ubuntu/workspace/codeigniter/system/core/Loader.php:833
[22-May-2015 23:25:25 UTC] PHP Fatal error:  Call to undefined function base_url() in /home/ubuntu/workspace/codeigniter/application/views/welcome_message.php on line 7
[22-May-2015 23:25:25 UTC] PHP Stack trace:
[22-May-2015 23:25:25 UTC] PHP   1. {main}() /home/ubuntu/workspace/codeigniter/index.php:0
[22-May-2015 23:25:25 UTC] PHP   2. require_once() /home/ubuntu/workspace/codeigniter/index.php:202
[22-May-2015 23:25:25 UTC] PHP   3. call_user_func_array:{/home/ubuntu/workspace/codeigniter/system/core/CodeIgniter.php:359}() /home/ubuntu/workspace/codeigniter/system/core/CodeIgniter.php:359
[22-May-2015 23:25:25 UTC] PHP   4. Welcome->index() /home/ubuntu/workspace/codeigniter/system/core/CodeIgniter.php:359
[22-May-2015 23:25:25 UTC] PHP   5. CI_Loader->view() /home/ubuntu/workspace/codeigniter/application/controllers/welcome.php:22
[22-May-2015 23:25:25 UTC] PHP   6. CI_Loader->_ci_load() /home/ubuntu/workspace/codeigniter/system/core/Loader.php:419
[22-May-2015 23:25:25 UTC] PHP   7. include() /home/ubuntu/workspace/codeigniter/system/core/Loader.php:833
[22-May-2015 23:25:40 UTC] PHP Fatal error:  Call to undefined function base_url() in /home/ubuntu/workspace/codeigniter/application/views/welcome_message.php on line 7
[22-May-2015 23:25:40 UTC] PHP Stack trace:
[22-May-2015 23:25:40 UTC] PHP   1. {main}() /home/ubuntu/workspace/codeigniter/index.php:0
[22-May-2015 23:25:40 UTC] PHP   2. require_once() /home/ubuntu/workspace/codeigniter/index.php:202
[22-May-2015 23:25:40 UTC] PHP   3. call_user_func_array:{/home/ubuntu/workspace/codeigniter/system/core/CodeIgniter.php:359}() /home/ubuntu/workspace/codeigniter/system/core/CodeIgniter.php:359
[22-May-2015 23:25:40 UTC] PHP   4. Welcome->index() /home/ubuntu/workspace/codeigniter/system/core/CodeIgniter.php:359
[22-May-2015 23:25:40 UTC] PHP   5. CI_Loader->view() /home/ubuntu/workspace/codeigniter/application/controllers/welcome.php:22
[22-May-2015 23:25:40 UTC] PHP   6. CI_Loader->_ci_load() /home/ubuntu/workspace/codeigniter/system/core/Loader.php:419
[22-May-2015 23:25:40 UTC] PHP   7. include() /home/ubuntu/workspace/codeigniter/system/core/Loader.php:833
[25-May-2015 06:55:09 UTC] PHP Fatal error:  Call to a member function get() on a non-object in /home/ubuntu/workspace/codeigniter/application/models/user_model.php on line 24
[25-May-2015 06:55:09 UTC] PHP Stack trace:
[25-May-2015 06:55:09 UTC] PHP   1. {main}() /home/ubuntu/workspace/codeigniter/index.php:0
[25-May-2015 06:55:09 UTC] PHP   2. require_once() /home/ubuntu/workspace/codeigniter/index.php:202
[25-May-2015 06:55:09 UTC] PHP   3. call_user_func_array:{/home/ubuntu/workspace/codeigniter/system/core/CodeIgniter.php:359}() /home/ubuntu/workspace/codeigniter/system/core/CodeIgniter.php:359
[25-May-2015 06:55:09 UTC] PHP   4. Welcome->index() /home/ubuntu/workspace/codeigniter/system/core/CodeIgniter.php:359
[25-May-2015 06:55:09 UTC] PHP   5. User_model->get_students() /home/ubuntu/workspace/codeigniter/application/controllers/welcome.php:24
[25-May-2015 06:56:46 UTC] PHP Fatal error:  Call to a member function get() on a non-object in /home/ubuntu/workspace/codeigniter/application/models/user_model.php on line 24
[25-May-2015 06:56:46 UTC] PHP Stack trace:
[25-May-2015 06:56:46 UTC] PHP   1. {main}() /home/ubuntu/workspace/codeigniter/index.php:0
[25-May-2015 06:56:46 UTC] PHP   2. require_once() /home/ubuntu/workspace/codeigniter/index.php:202
[25-May-2015 06:56:46 UTC] PHP   3. call_user_func_array:{/home/ubuntu/workspace/codeigniter/system/core/CodeIgniter.php:359}() /home/ubuntu/workspace/codeigniter/system/core/CodeIgniter.php:359
[25-May-2015 06:56:46 UTC] PHP   4. Welcome->index() /home/ubuntu/workspace/codeigniter/system/core/CodeIgniter.php:359
[25-May-2015 06:56:46 UTC] PHP   5. User_model->get_students() /home/ubuntu/workspace/codeigniter/application/controllers/welcome.php:24
[25-May-2015 06:59:43 UTC] PHP Fatal error:  Call to a member function get() on a non-object in /home/ubuntu/workspace/codeigniter/application/models/user_model.php on line 24
[25-May-2015 06:59:43 UTC] PHP Stack trace:
[25-May-2015 06:59:43 UTC] PHP   1. {main}() /home/ubuntu/workspace/codeigniter/index.php:0
[25-May-2015 06:59:43 UTC] PHP   2. require_once() /home/ubuntu/workspace/codeigniter/index.php:202
[25-May-2015 06:59:43 UTC] PHP   3. call_user_func_array:{/home/ubuntu/workspace/codeigniter/system/core/CodeIgniter.php:359}() /home/ubuntu/workspace/codeigniter/system/core/CodeIgniter.php:359
[25-May-2015 06:59:43 UTC] PHP   4. Welcome->index() /home/ubuntu/workspace/codeigniter/system/core/CodeIgniter.php:359
[25-May-2015 06:59:43 UTC] PHP   5. User_model->get_students() /home/ubuntu/workspace/codeigniter/application/controllers/welcome.php:24
[25-May-2015 07:00:26 UTC] PHP Fatal error:  Call to a member function get() on a non-object in /home/ubuntu/workspace/codeigniter/application/models/user_model.php on line 24
[25-May-2015 07:00:26 UTC] PHP Stack trace:
[25-May-2015 07:00:26 UTC] PHP   1. {main}() /home/ubuntu/workspace/codeigniter/index.php:0
[25-May-2015 07:00:26 UTC] PHP   2. require_once() /home/ubuntu/workspace/codeigniter/index.php:202
[25-May-2015 07:00:26 UTC] PHP   3. call_user_func_array:{/home/ubuntu/workspace/codeigniter/system/core/CodeIgniter.php:359}() /home/ubuntu/workspace/codeigniter/system/core/CodeIgniter.php:359
[25-May-2015 07:00:26 UTC] PHP   4. Welcome->index() /home/ubuntu/workspace/codeigniter/system/core/CodeIgniter.php:359
[25-May-2015 07:00:26 UTC] PHP   5. User_model->get_students() /home/ubuntu/workspace/codeigniter/application/controllers/welcome.php:24
[25-May-2015 07:02:23 UTC] PHP Fatal error:  Call to a member function select() on a non-object in /home/ubuntu/workspace/codeigniter/application/models/user_model.php on line 24
[25-May-2015 07:02:23 UTC] PHP Stack trace:
[25-May-2015 07:02:23 UTC] PHP   1. {main}() /home/ubuntu/workspace/codeigniter/index.php:0
[25-May-2015 07:02:23 UTC] PHP   2. require_once() /home/ubuntu/workspace/codeigniter/index.php:202
[25-May-2015 07:02:23 UTC] PHP   3. call_user_func_array:{/home/ubuntu/workspace/codeigniter/system/core/CodeIgniter.php:359}() /home/ubuntu/workspace/codeigniter/system/core/CodeIgniter.php:359
[25-May-2015 07:02:23 UTC] PHP   4. Welcome->index() /home/ubuntu/workspace/codeigniter/system/core/CodeIgniter.php:359
[25-May-2015 07:02:23 UTC] PHP   5. User_model->get_students() /home/ubuntu/workspace/codeigniter/application/controllers/welcome.php:24
[25-May-2015 07:03:12 UTC] PHP Fatal error:  Call to a member function select() on a non-object in /home/ubuntu/workspace/codeigniter/application/models/user_model.php on line 24
[25-May-2015 07:03:12 UTC] PHP Stack trace:
[25-May-2015 07:03:12 UTC] PHP   1. {main}() /home/ubuntu/workspace/codeigniter/index.php:0
[25-May-2015 07:03:12 UTC] PHP   2. require_once() /home/ubuntu/workspace/codeigniter/index.php:202
[25-May-2015 07:03:12 UTC] PHP   3. call_user_func_array:{/home/ubuntu/workspace/codeigniter/system/core/CodeIgniter.php:359}() /home/ubuntu/workspace/codeigniter/system/core/CodeIgniter.php:359
[25-May-2015 07:03:12 UTC] PHP   4. Welcome->index() /home/ubuntu/workspace/codeigniter/system/core/CodeIgniter.php:359
[25-May-2015 07:03:12 UTC] PHP   5. User_model->get_students() /home/ubuntu/workspace/codeigniter/application/controllers/welcome.php:24
[25-May-2015 07:03:14 UTC] PHP Fatal error:  Call to a member function select() on a non-object in /home/ubuntu/workspace/codeigniter/application/models/user_model.php on line 24
[25-May-2015 07:03:14 UTC] PHP Stack trace:
[25-May-2015 07:03:14 UTC] PHP   1. {main}() /home/ubuntu/workspace/codeigniter/index.php:0
[25-May-2015 07:03:14 UTC] PHP   2. require_once() /home/ubuntu/workspace/codeigniter/index.php:202
[25-May-2015 07:03:14 UTC] PHP   3. call_user_func_array:{/home/ubuntu/workspace/codeigniter/system/core/CodeIgniter.php:359}() /home/ubuntu/workspace/codeigniter/system/core/CodeIgniter.php:359
[25-May-2015 07:03:14 UTC] PHP   4. Welcome->index() /home/ubuntu/workspace/codeigniter/system/core/CodeIgniter.php:359
[25-May-2015 07:03:14 UTC] PHP   5. User_model->get_students() /home/ubuntu/workspace/codeigniter/application/controllers/welcome.php:24
[25-May-2015 07:04:00 UTC] PHP Fatal error:  Call to a member function select() on a non-object in /home/ubuntu/workspace/codeigniter/application/models/user_model.php on line 24
[25-May-2015 07:04:00 UTC] PHP Stack trace:
[25-May-2015 07:04:00 UTC] PHP   1. {main}() /home/ubuntu/workspace/codeigniter/index.php:0
[25-May-2015 07:04:00 UTC] PHP   2. require_once() /home/ubuntu/workspace/codeigniter/index.php:202
[25-May-2015 07:04:00 UTC] PHP   3. call_user_func_array:{/home/ubuntu/workspace/codeigniter/system/core/CodeIgniter.php:359}() /home/ubuntu/workspace/codeigniter/system/core/CodeIgniter.php:359
[25-May-2015 07:04:00 UTC] PHP   4. Welcome->index() /home/ubuntu/workspace/codeigniter/system/core/CodeIgniter.php:359
[25-May-2015 07:04:00 UTC] PHP   5. User_model->get_students() /home/ubuntu/workspace/codeigniter/application/controllers/welcome.php:24
[25-May-2015 07:43:51 UTC] PHP Fatal error:  Call to undefined function base_url() in /home/ubuntu/workspace/codeigniter/application/views/welcome_message.php on line 37
[25-May-2015 07:43:51 UTC] PHP Stack trace:
[25-May-2015 07:43:51 UTC] PHP   1. {main}() /home/ubuntu/workspace/codeigniter/index.php:0
[25-May-2015 07:43:51 UTC] PHP   2. require_once() /home/ubuntu/workspace/codeigniter/index.php:202
[25-May-2015 07:43:51 UTC] PHP   3. call_user_func_array:{/home/ubuntu/workspace/codeigniter/system/core/CodeIgniter.php:359}() /home/ubuntu/workspace/codeigniter/system/core/CodeIgniter.php:359
[25-May-2015 07:43:51 UTC] PHP   4. Welcome->index() /home/ubuntu/workspace/codeigniter/system/core/CodeIgniter.php:359
[25-May-2015 07:43:51 UTC] PHP   5. CI_Loader->view() /home/ubuntu/workspace/codeigniter/application/controllers/welcome.php:28
[25-May-2015 07:43:51 UTC] PHP   6. CI_Loader->_ci_load() /home/ubuntu/workspace/codeigniter/system/core/Loader.php:419
[25-May-2015 07:43:51 UTC] PHP   7. include() /home/ubuntu/workspace/codeigniter/system/core/Loader.php:833
[25-May-2015 07:44:26 UTC] PHP Fatal error:  Call to undefined function base_url() in /home/ubuntu/workspace/codeigniter/application/views/welcome_message.php on line 37
[25-May-2015 07:44:26 UTC] PHP Stack trace:
[25-May-2015 07:44:26 UTC] PHP   1. {main}() /home/ubuntu/workspace/codeigniter/index.php:0
[25-May-2015 07:44:26 UTC] PHP   2. require_once() /home/ubuntu/workspace/codeigniter/index.php:202
[25-May-2015 07:44:26 UTC] PHP   3. call_user_func_array:{/home/ubuntu/workspace/codeigniter/system/core/CodeIgniter.php:359}() /home/ubuntu/workspace/codeigniter/system/core/CodeIgniter.php:359
[25-May-2015 07:44:26 UTC] PHP   4. Welcome->index() /home/ubuntu/workspace/codeigniter/system/core/CodeIgniter.php:359
[25-May-2015 07:44:26 UTC] PHP   5. CI_Loader->view() /home/ubuntu/workspace/codeigniter/application/controllers/welcome.php:28
[25-May-2015 07:44:26 UTC] PHP   6. CI_Loader->_ci_load() /home/ubuntu/workspace/codeigniter/system/core/Loader.php:419
[25-May-2015 07:44:26 UTC] PHP   7. include() /home/ubuntu/workspace/codeigniter/system/core/Loader.php:833
[25-May-2015 07:58:40 UTC] PHP Fatal error:  Call to undefined function base_url() in /home/ubuntu/workspace/codeigniter/application/views/welcome_message.php on line 37
[25-May-2015 07:58:40 UTC] PHP Stack trace:
[25-May-2015 07:58:40 UTC] PHP   1. {main}() /home/ubuntu/workspace/codeigniter/index.php:0
[25-May-2015 07:58:40 UTC] PHP   2. require_once() /home/ubuntu/workspace/codeigniter/index.php:202
[25-May-2015 07:58:40 UTC] PHP   3. call_user_func_array:{/home/ubuntu/workspace/codeigniter/system/core/CodeIgniter.php:359}() /home/ubuntu/workspace/codeigniter/system/core/CodeIgniter.php:359
[25-May-2015 07:58:40 UTC] PHP   4. Welcome->index() /home/ubuntu/workspace/codeigniter/system/core/CodeIgniter.php:359
[25-May-2015 07:58:40 UTC] PHP   5. CI_Loader->view() /home/ubuntu/workspace/codeigniter/application/controllers/welcome.php:28
[25-May-2015 07:58:40 UTC] PHP   6. CI_Loader->_ci_load() /home/ubuntu/workspace/codeigniter/system/core/Loader.php:419
[25-May-2015 07:58:40 UTC] PHP   7. include() /home/ubuntu/workspace/codeigniter/system/core/Loader.php:833
[25-May-2015 07:58:49 UTC] PHP Fatal error:  Call to undefined function base_url() in /home/ubuntu/workspace/codeigniter/application/views/welcome_message.php on line 37
[25-May-2015 07:58:49 UTC] PHP Stack trace:
[25-May-2015 07:58:49 UTC] PHP   1. {main}() /home/ubuntu/workspace/codeigniter/index.php:0
[25-May-2015 07:58:49 UTC] PHP   2. require_once() /home/ubuntu/workspace/codeigniter/index.php:202
[25-May-2015 07:58:49 UTC] PHP   3. call_user_func_array:{/home/ubuntu/workspace/codeigniter/system/core/CodeIgniter.php:359}() /home/ubuntu/workspace/codeigniter/system/core/CodeIgniter.php:359
[25-May-2015 07:58:49 UTC] PHP   4. Welcome->index() /home/ubuntu/workspace/codeigniter/system/core/CodeIgniter.php:359
[25-May-2015 07:58:49 UTC] PHP   5. CI_Loader->view() /home/ubuntu/workspace/codeigniter/application/controllers/welcome.php:28
[25-May-2015 07:58:49 UTC] PHP   6. CI_Loader->_ci_load() /home/ubuntu/workspace/codeigniter/system/core/Loader.php:419
[25-May-2015 07:58:49 UTC] PHP   7. include() /home/ubuntu/workspace/codeigniter/system/core/Loader.php:833
[25-May-2015 08:01:12 UTC] PHP Fatal error:  Call to undefined function base_url() in /home/ubuntu/workspace/codeigniter/application/views/welcome_message.php on line 37
[25-May-2015 08:01:12 UTC] PHP Stack trace:
[25-May-2015 08:01:12 UTC] PHP   1. {main}() /home/ubuntu/workspace/codeigniter/index.php:0
[25-May-2015 08:01:12 UTC] PHP   2. require_once() /home/ubuntu/workspace/codeigniter/index.php:202
[25-May-2015 08:01:12 UTC] PHP   3. call_user_func_array:{/home/ubuntu/workspace/codeigniter/system/core/CodeIgniter.php:359}() /home/ubuntu/workspace/codeigniter/system/core/CodeIgniter.php:359
[25-May-2015 08:01:12 UTC] PHP   4. Welcome->index() /home/ubuntu/workspace/codeigniter/system/core/CodeIgniter.php:359
[25-May-2015 08:01:12 UTC] PHP   5. CI_Loader->view() /home/ubuntu/workspace/codeigniter/application/controllers/welcome.php:28
[25-May-2015 08:01:12 UTC] PHP   6. CI_Loader->_ci_load() /home/ubuntu/workspace/codeigniter/system/core/Loader.php:419
[25-May-2015 08:01:12 UTC] PHP   7. include() /home/ubuntu/workspace/codeigniter/system/core/Loader.php:833
[25-May-2015 08:01:54 UTC] PHP Fatal error:  Call to undefined function base_url() in /home/ubuntu/workspace/codeigniter/application/views/welcome_message.php on line 37
[25-May-2015 08:01:54 UTC] PHP Stack trace:
[25-May-2015 08:01:54 UTC] PHP   1. {main}() /home/ubuntu/workspace/codeigniter/index.php:0
[25-May-2015 08:01:54 UTC] PHP   2. require_once() /home/ubuntu/workspace/codeigniter/index.php:202
[25-May-2015 08:01:54 UTC] PHP   3. call_user_func_array:{/home/ubuntu/workspace/codeigniter/system/core/CodeIgniter.php:359}() /home/ubuntu/workspace/codeigniter/system/core/CodeIgniter.php:359
[25-May-2015 08:01:54 UTC] PHP   4. Welcome->index() /home/ubuntu/workspace/codeigniter/system/core/CodeIgniter.php:359
[25-May-2015 08:01:54 UTC] PHP   5. CI_Loader->view() /home/ubuntu/workspace/codeigniter/application/controllers/welcome.php:28
[25-May-2015 08:01:54 UTC] PHP   6. CI_Loader->_ci_load() /home/ubuntu/workspace/codeigniter/system/core/Loader.php:419
[25-May-2015 08:01:54 UTC] PHP   7. include() /home/ubuntu/workspace/codeigniter/system/core/Loader.php:833
[25-May-2015 08:02:02 UTC] PHP Fatal error:  Call to undefined function base_url() in /home/ubuntu/workspace/codeigniter/application/views/welcome_message.php on line 37
[25-May-2015 08:02:02 UTC] PHP Stack trace:
[25-May-2015 08:02:02 UTC] PHP   1. {main}() /home/ubuntu/workspace/codeigniter/index.php:0
[25-May-2015 08:02:02 UTC] PHP   2. require_once() /home/ubuntu/workspace/codeigniter/index.php:202
[25-May-2015 08:02:02 UTC] PHP   3. call_user_func_array:{/home/ubuntu/workspace/codeigniter/system/core/CodeIgniter.php:359}() /home/ubuntu/workspace/codeigniter/system/core/CodeIgniter.php:359
[25-May-2015 08:02:02 UTC] PHP   4. Welcome->index() /home/ubuntu/workspace/codeigniter/system/core/CodeIgniter.php:359
[25-May-2015 08:02:02 UTC] PHP   5. CI_Loader->view() /home/ubuntu/workspace/codeigniter/application/controllers/welcome.php:28
[25-May-2015 08:02:02 UTC] PHP   6. CI_Loader->_ci_load() /home/ubuntu/workspace/codeigniter/system/core/Loader.php:419
[25-May-2015 08:02:02 UTC] PHP   7. include() /home/ubuntu/workspace/codeigniter/system/core/Loader.php:833
[25-May-2015 08:06:19 UTC] PHP Fatal error:  Call to undefined function base_url() in /home/ubuntu/workspace/codeigniter/application/views/welcome_message.php on line 37
[25-May-2015 08:06:19 UTC] PHP Stack trace:
[25-May-2015 08:06:19 UTC] PHP   1. {main}() /home/ubuntu/workspace/codeigniter/index.php:0
[25-May-2015 08:06:19 UTC] PHP   2. require_once() /home/ubuntu/workspace/codeigniter/index.php:202
[25-May-2015 08:06:19 UTC] PHP   3. call_user_func_array:{/home/ubuntu/workspace/codeigniter/system/core/CodeIgniter.php:359}() /home/ubuntu/workspace/codeigniter/system/core/CodeIgniter.php:359
[25-May-2015 08:06:19 UTC] PHP   4. Welcome->index() /home/ubuntu/workspace/codeigniter/system/core/CodeIgniter.php:359
[25-May-2015 08:06:19 UTC] PHP   5. CI_Loader->view() /home/ubuntu/workspace/codeigniter/application/controllers/welcome.php:28
[25-May-2015 08:06:19 UTC] PHP   6. CI_Loader->_ci_load() /home/ubuntu/workspace/codeigniter/system/core/Loader.php:419
[25-May-2015 08:06:19 UTC] PHP   7. include() /home/ubuntu/workspace/codeigniter/system/core/Loader.php:833
[25-May-2015 08:06:31 UTC] PHP Fatal error:  Call to undefined function base_url() in /home/ubuntu/workspace/codeigniter/application/views/welcome_message.php on line 37
[25-May-2015 08:06:31 UTC] PHP Stack trace:
[25-May-2015 08:06:31 UTC] PHP   1. {main}() /home/ubuntu/workspace/codeigniter/index.php:0
[25-May-2015 08:06:31 UTC] PHP   2. require_once() /home/ubuntu/workspace/codeigniter/index.php:202
[25-May-2015 08:06:31 UTC] PHP   3. call_user_func_array:{/home/ubuntu/workspace/codeigniter/system/core/CodeIgniter.php:359}() /home/ubuntu/workspace/codeigniter/system/core/CodeIgniter.php:359
[25-May-2015 08:06:31 UTC] PHP   4. Welcome->index() /home/ubuntu/workspace/codeigniter/system/core/CodeIgniter.php:359
[25-May-2015 08:06:31 UTC] PHP   5. CI_Loader->view() /home/ubuntu/workspace/codeigniter/application/controllers/welcome.php:28
[25-May-2015 08:06:31 UTC] PHP   6. CI_Loader->_ci_load() /home/ubuntu/workspace/codeigniter/system/core/Loader.php:419
[25-May-2015 08:06:31 UTC] PHP   7. include() /home/ubuntu/workspace/codeigniter/system/core/Loader.php:833
[25-May-2015 08:07:05 UTC] PHP Fatal error:  Call to undefined function base_url() in /home/ubuntu/workspace/codeigniter/application/views/welcome_message.php on line 37
[25-May-2015 08:07:05 UTC] PHP Stack trace:
[25-May-2015 08:07:05 UTC] PHP   1. {main}() /home/ubuntu/workspace/codeigniter/index.php:0
[25-May-2015 08:07:05 UTC] PHP   2. require_once() /home/ubuntu/workspace/codeigniter/index.php:202
[25-May-2015 08:07:05 UTC] PHP   3. call_user_func_array:{/home/ubuntu/workspace/codeigniter/system/core/CodeIgniter.php:359}() /home/ubuntu/workspace/codeigniter/system/core/CodeIgniter.php:359
[25-May-2015 08:07:05 UTC] PHP   4. Welcome->index() /home/ubuntu/workspace/codeigniter/system/core/CodeIgniter.php:359
[25-May-2015 08:07:05 UTC] PHP   5. CI_Loader->view() /home/ubuntu/workspace/codeigniter/application/controllers/welcome.php:28
[25-May-2015 08:07:05 UTC] PHP   6. CI_Loader->_ci_load() /home/ubuntu/workspace/codeigniter/system/core/Loader.php:419
[25-May-2015 08:07:05 UTC] PHP   7. include() /home/ubuntu/workspace/codeigniter/system/core/Loader.php:833
[25-May-2015 08:07:10 UTC] PHP Fatal error:  Call to undefined function base_url() in /home/ubuntu/workspace/codeigniter/application/views/welcome_message.php on line 37
[25-May-2015 08:07:10 UTC] PHP Stack trace:
[25-May-2015 08:07:10 UTC] PHP   1. {main}() /home/ubuntu/workspace/codeigniter/index.php:0
[25-May-2015 08:07:10 UTC] PHP   2. require_once() /home/ubuntu/workspace/codeigniter/index.php:202
[25-May-2015 08:07:10 UTC] PHP   3. call_user_func_array:{/home/ubuntu/workspace/codeigniter/system/core/CodeIgniter.php:359}() /home/ubuntu/workspace/codeigniter/system/core/CodeIgniter.php:359
[25-May-2015 08:07:10 UTC] PHP   4. Welcome->index() /home/ubuntu/workspace/codeigniter/system/core/CodeIgniter.php:359
[25-May-2015 08:07:10 UTC] PHP   5. CI_Loader->view() /home/ubuntu/workspace/codeigniter/application/controllers/welcome.php:28
[25-May-2015 08:07:10 UTC] PHP   6. CI_Loader->_ci_load() /home/ubuntu/workspace/codeigniter/system/core/Loader.php:419
[25-May-2015 08:07:10 UTC] PHP   7. include() /home/ubuntu/workspace/codeigniter/system/core/Loader.php:833
[25-May-2015 08:08:26 UTC] PHP Fatal error:  Call to undefined function base_url() in /home/ubuntu/workspace/codeigniter/application/views/welcome_message.php on line 37
[25-May-2015 08:08:26 UTC] PHP Stack trace:
[25-May-2015 08:08:26 UTC] PHP   1. {main}() /home/ubuntu/workspace/codeigniter/index.php:0
[25-May-2015 08:08:26 UTC] PHP   2. require_once() /home/ubuntu/workspace/codeigniter/index.php:202
[25-May-2015 08:08:26 UTC] PHP   3. call_user_func_array:{/home/ubuntu/workspace/codeigniter/system/core/CodeIgniter.php:359}() /home/ubuntu/workspace/codeigniter/system/core/CodeIgniter.php:359
[25-May-2015 08:08:26 UTC] PHP   4. Welcome->index() /home/ubuntu/workspace/codeigniter/system/core/CodeIgniter.php:359
[25-May-2015 08:08:26 UTC] PHP   5. CI_Loader->view() /home/ubuntu/workspace/codeigniter/application/controllers/welcome.php:28
[25-May-2015 08:08:26 UTC] PHP   6. CI_Loader->_ci_load() /home/ubuntu/workspace/codeigniter/system/core/Loader.php:419
[25-May-2015 08:08:26 UTC] PHP   7. include() /home/ubuntu/workspace/codeigniter/system/core/Loader.php:833
[25-May-2015 08:09:50 UTC] PHP Fatal error:  Call to undefined function base_url() in /home/ubuntu/workspace/codeigniter/application/views/welcome_message.php on line 37
[25-May-2015 08:09:50 UTC] PHP Stack trace:
[25-May-2015 08:09:50 UTC] PHP   1. {main}() /home/ubuntu/workspace/codeigniter/index.php:0
[25-May-2015 08:09:50 UTC] PHP   2. require_once() /home/ubuntu/workspace/codeigniter/index.php:202
[25-May-2015 08:09:50 UTC] PHP   3. call_user_func_array:{/home/ubuntu/workspace/codeigniter/system/core/CodeIgniter.php:359}() /home/ubuntu/workspace/codeigniter/system/core/CodeIgniter.php:359
[25-May-2015 08:09:50 UTC] PHP   4. Welcome->index() /home/ubuntu/workspace/codeigniter/system/core/CodeIgniter.php:359
[25-May-2015 08:09:50 UTC] PHP   5. CI_Loader->view() /home/ubuntu/workspace/codeigniter/application/controllers/welcome.php:28
[25-May-2015 08:09:50 UTC] PHP   6. CI_Loader->_ci_load() /home/ubuntu/workspace/codeigniter/system/core/Loader.php:419
[25-May-2015 08:09:50 UTC] PHP   7. include() /home/ubuntu/workspace/codeigniter/system/core/Loader.php:833
[25-May-2015 08:15:23 UTC] PHP Fatal error:  Call to undefined function base_url() in /home/ubuntu/workspace/codeigniter/application/views/welcome_message.php on line 37
[25-May-2015 08:15:23 UTC] PHP Stack trace:
[25-May-2015 08:15:23 UTC] PHP   1. {main}() /home/ubuntu/workspace/codeigniter/index.php:0
[25-May-2015 08:15:23 UTC] PHP   2. require_once() /home/ubuntu/workspace/codeigniter/index.php:202
[25-May-2015 08:15:23 UTC] PHP   3. call_user_func_array:{/home/ubuntu/workspace/codeigniter/system/core/CodeIgniter.php:359}() /home/ubuntu/workspace/codeigniter/system/core/CodeIgniter.php:359
[25-May-2015 08:15:23 UTC] PHP   4. Welcome->index() /home/ubuntu/workspace/codeigniter/system/core/CodeIgniter.php:359
[25-May-2015 08:15:23 UTC] PHP   5. CI_Loader->view() /home/ubuntu/workspace/codeigniter/application/controllers/welcome.php:28
[25-May-2015 08:15:23 UTC] PHP   6. CI_Loader->_ci_load() /home/ubuntu/workspace/codeigniter/system/core/Loader.php:419
[25-May-2015 08:15:23 UTC] PHP   7. include() /home/ubuntu/workspace/codeigniter/system/core/Loader.php:833
[25-May-2015 08:15:26 UTC] PHP Fatal error:  Call to undefined function base_url() in /home/ubuntu/workspace/codeigniter/application/views/welcome_message.php on line 37
[25-May-2015 08:15:26 UTC] PHP Stack trace:
[25-May-2015 08:15:26 UTC] PHP   1. {main}() /home/ubuntu/workspace/codeigniter/index.php:0
[25-May-2015 08:15:26 UTC] PHP   2. require_once() /home/ubuntu/workspace/codeigniter/index.php:202
[25-May-2015 08:15:26 UTC] PHP   3. call_user_func_array:{/home/ubuntu/workspace/codeigniter/system/core/CodeIgniter.php:359}() /home/ubuntu/workspace/codeigniter/system/core/CodeIgniter.php:359
[25-May-2015 08:15:26 UTC] PHP   4. Welcome->index() /home/ubuntu/workspace/codeigniter/system/core/CodeIgniter.php:359
[25-May-2015 08:15:26 UTC] PHP   5. CI_Loader->view() /home/ubuntu/workspace/codeigniter/application/controllers/welcome.php:28
[25-May-2015 08:15:26 UTC] PHP   6. CI_Loader->_ci_load() /home/ubuntu/workspace/codeigniter/system/core/Loader.php:419
[25-May-2015 08:15:26 UTC] PHP   7. include() /home/ubuntu/workspace/codeigniter/system/core/Loader.php:833
[25-May-2015 08:15:29 UTC] PHP Fatal error:  Call to undefined function base_url() in /home/ubuntu/workspace/codeigniter/application/views/welcome_message.php on line 37
[25-May-2015 08:15:29 UTC] PHP Stack trace:
[25-May-2015 08:15:29 UTC] PHP   1. {main}() /home/ubuntu/workspace/codeigniter/index.php:0
[25-May-2015 08:15:29 UTC] PHP   2. require_once() /home/ubuntu/workspace/codeigniter/index.php:202
[25-May-2015 08:15:29 UTC] PHP   3. call_user_func_array:{/home/ubuntu/workspace/codeigniter/system/core/CodeIgniter.php:359}() /home/ubuntu/workspace/codeigniter/system/core/CodeIgniter.php:359
[25-May-2015 08:15:29 UTC] PHP   4. Welcome->index() /home/ubuntu/workspace/codeigniter/system/core/CodeIgniter.php:359
[25-May-2015 08:15:29 UTC] PHP   5. CI_Loader->view() /home/ubuntu/workspace/codeigniter/application/controllers/welcome.php:28
[25-May-2015 08:15:29 UTC] PHP   6. CI_Loader->_ci_load() /home/ubuntu/workspace/codeigniter/system/core/Loader.php:419
[25-May-2015 08:15:29 UTC] PHP   7. include() /home/ubuntu/workspace/codeigniter/system/core/Loader.php:833
[25-May-2015 08:15:30 UTC] PHP Fatal error:  Call to undefined function base_url() in /home/ubuntu/workspace/codeigniter/application/views/welcome_message.php on line 37
[25-May-2015 08:15:30 UTC] PHP Stack trace:
[25-May-2015 08:15:30 UTC] PHP   1. {main}() /home/ubuntu/workspace/codeigniter/index.php:0
[25-May-2015 08:15:30 UTC] PHP   2. require_once() /home/ubuntu/workspace/codeigniter/index.php:202
[25-May-2015 08:15:30 UTC] PHP   3. call_user_func_array:{/home/ubuntu/workspace/codeigniter/system/core/CodeIgniter.php:359}() /home/ubuntu/workspace/codeigniter/system/core/CodeIgniter.php:359
[25-May-2015 08:15:30 UTC] PHP   4. Welcome->index() /home/ubuntu/workspace/codeigniter/system/core/CodeIgniter.php:359
[25-May-2015 08:15:30 UTC] PHP   5. CI_Loader->view() /home/ubuntu/workspace/codeigniter/application/controllers/welcome.php:28
[25-May-2015 08:15:30 UTC] PHP   6. CI_Loader->_ci_load() /home/ubuntu/workspace/codeigniter/system/core/Loader.php:419
[25-May-2015 08:15:30 UTC] PHP   7. include() /home/ubuntu/workspace/codeigniter/system/core/Loader.php:833
[25-May-2015 08:15:42 UTC] PHP Fatal error:  Call to undefined function base_url() in /home/ubuntu/workspace/codeigniter/application/views/welcome_message.php on line 37
[25-May-2015 08:15:42 UTC] PHP Stack trace:
[25-May-2015 08:15:42 UTC] PHP   1. {main}() /home/ubuntu/workspace/codeigniter/index.php:0
[25-May-2015 08:15:42 UTC] PHP   2. require_once() /home/ubuntu/workspace/codeigniter/index.php:202
[25-May-2015 08:15:42 UTC] PHP   3. call_user_func_array:{/home/ubuntu/workspace/codeigniter/system/core/CodeIgniter.php:359}() /home/ubuntu/workspace/codeigniter/system/core/CodeIgniter.php:359
[25-May-2015 08:15:42 UTC] PHP   4. Welcome->index() /home/ubuntu/workspace/codeigniter/system/core/CodeIgniter.php:359
[25-May-2015 08:15:42 UTC] PHP   5. CI_Loader->view() /home/ubuntu/workspace/codeigniter/application/controllers/welcome.php:28
[25-May-2015 08:15:42 UTC] PHP   6. CI_Loader->_ci_load() /home/ubuntu/workspace/codeigniter/system/core/Loader.php:419
[25-May-2015 08:15:42 UTC] PHP   7. include() /home/ubuntu/workspace/codeigniter/system/core/Loader.php:833
[25-May-2015 08:16:17 UTC] PHP Fatal error:  Call to undefined function base_url() in /home/ubuntu/workspace/codeigniter/application/views/welcome_message.php on line 27
[25-May-2015 08:16:17 UTC] PHP Stack trace:
[25-May-2015 08:16:17 UTC] PHP   1. {main}() /home/ubuntu/workspace/codeigniter/index.php:0
[25-May-2015 08:16:17 UTC] PHP   2. require_once() /home/ubuntu/workspace/codeigniter/index.php:202
[25-May-2015 08:16:17 UTC] PHP   3. call_user_func_array:{/home/ubuntu/workspace/codeigniter/system/core/CodeIgniter.php:359}() /home/ubuntu/workspace/codeigniter/system/core/CodeIgniter.php:359
[25-May-2015 08:16:17 UTC] PHP   4. Welcome->index() /home/ubuntu/workspace/codeigniter/system/core/CodeIgniter.php:359
[25-May-2015 08:16:17 UTC] PHP   5. CI_Loader->view() /home/ubuntu/workspace/codeigniter/application/controllers/welcome.php:28
[25-May-2015 08:16:17 UTC] PHP   6. CI_Loader->_ci_load() /home/ubuntu/workspace/codeigniter/system/core/Loader.php:419
[25-May-2015 08:16:17 UTC] PHP   7. include() /home/ubuntu/workspace/codeigniter/system/core/Loader.php:833
[25-May-2015 08:16:40 UTC] PHP Fatal error:  Call to undefined function base_url() in /home/ubuntu/workspace/codeigniter/application/views/welcome_message.php on line 27
[25-May-2015 08:16:40 UTC] PHP Stack trace:
[25-May-2015 08:16:40 UTC] PHP   1. {main}() /home/ubuntu/workspace/codeigniter/index.php:0
[25-May-2015 08:16:40 UTC] PHP   2. require_once() /home/ubuntu/workspace/codeigniter/index.php:202
[25-May-2015 08:16:40 UTC] PHP   3. call_user_func_array:{/home/ubuntu/workspace/codeigniter/system/core/CodeIgniter.php:359}() /home/ubuntu/workspace/codeigniter/system/core/CodeIgniter.php:359
[25-May-2015 08:16:40 UTC] PHP   4. Welcome->index() /home/ubuntu/workspace/codeigniter/system/core/CodeIgniter.php:359
[25-May-2015 08:16:40 UTC] PHP   5. CI_Loader->view() /home/ubuntu/workspace/codeigniter/application/controllers/welcome.php:28
[25-May-2015 08:16:40 UTC] PHP   6. CI_Loader->_ci_load() /home/ubuntu/workspace/codeigniter/system/core/Loader.php:419
[25-May-2015 08:16:40 UTC] PHP   7. include() /home/ubuntu/workspace/codeigniter/system/core/Loader.php:833
[25-May-2015 08:16:43 UTC] PHP Fatal error:  Call to undefined function base_url() in /home/ubuntu/workspace/codeigniter/application/views/welcome_message.php on line 27
[25-May-2015 08:16:43 UTC] PHP Stack trace:
[25-May-2015 08:16:43 UTC] PHP   1. {main}() /home/ubuntu/workspace/codeigniter/index.php:0
[25-May-2015 08:16:43 UTC] PHP   2. require_once() /home/ubuntu/workspace/codeigniter/index.php:202
[25-May-2015 08:16:43 UTC] PHP   3. call_user_func_array:{/home/ubuntu/workspace/codeigniter/system/core/CodeIgniter.php:359}() /home/ubuntu/workspace/codeigniter/system/core/CodeIgniter.php:359
[25-May-2015 08:16:43 UTC] PHP   4. Welcome->index() /home/ubuntu/workspace/codeigniter/system/core/CodeIgniter.php:359
[25-May-2015 08:16:43 UTC] PHP   5. CI_Loader->view() /home/ubuntu/workspace/codeigniter/application/controllers/welcome.php:28
[25-May-2015 08:16:43 UTC] PHP   6. CI_Loader->_ci_load() /home/ubuntu/workspace/codeigniter/system/core/Loader.php:419
[25-May-2015 08:16:43 UTC] PHP   7. include() /home/ubuntu/workspace/codeigniter/system/core/Loader.php:833
[25-May-2015 08:17:15 UTC] PHP Fatal error:  Call to undefined function base_url() in /home/ubuntu/workspace/codeigniter/application/views/welcome_message.php on line 27
[25-May-2015 08:17:15 UTC] PHP Stack trace:
[25-May-2015 08:17:15 UTC] PHP   1. {main}() /home/ubuntu/workspace/codeigniter/index.php:0
[25-May-2015 08:17:15 UTC] PHP   2. require_once() /home/ubuntu/workspace/codeigniter/index.php:202
[25-May-2015 08:17:15 UTC] PHP   3. call_user_func_array:{/home/ubuntu/workspace/codeigniter/system/core/CodeIgniter.php:359}() /home/ubuntu/workspace/codeigniter/system/core/CodeIgniter.php:359
[25-May-2015 08:17:15 UTC] PHP   4. Welcome->index() /home/ubuntu/workspace/codeigniter/system/core/CodeIgniter.php:359
[25-May-2015 08:17:15 UTC] PHP   5. CI_Loader->view() /home/ubuntu/workspace/codeigniter/application/controllers/welcome.php:28
[25-May-2015 08:17:15 UTC] PHP   6. CI_Loader->_ci_load() /home/ubuntu/workspace/codeigniter/system/core/Loader.php:419
[25-May-2015 08:17:15 UTC] PHP   7. include() /home/ubuntu/workspace/codeigniter/system/core/Loader.php:833
[25-May-2015 08:17:44 UTC] PHP Fatal error:  Call to undefined function base_url() in /home/ubuntu/workspace/codeigniter/application/views/welcome_message.php on line 40
[25-May-2015 08:17:44 UTC] PHP Stack trace:
[25-May-2015 08:17:44 UTC] PHP   1. {main}() /home/ubuntu/workspace/codeigniter/index.php:0
[25-May-2015 08:17:44 UTC] PHP   2. require_once() /home/ubuntu/workspace/codeigniter/index.php:202
[25-May-2015 08:17:44 UTC] PHP   3. call_user_func_array:{/home/ubuntu/workspace/codeigniter/system/core/CodeIgniter.php:359}() /home/ubuntu/workspace/codeigniter/system/core/CodeIgniter.php:359
[25-May-2015 08:17:44 UTC] PHP   4. Welcome->index() /home/ubuntu/workspace/codeigniter/system/core/CodeIgniter.php:359
[25-May-2015 08:17:44 UTC] PHP   5. CI_Loader->view() /home/ubuntu/workspace/codeigniter/application/controllers/welcome.php:28
[25-May-2015 08:17:44 UTC] PHP   6. CI_Loader->_ci_load() /home/ubuntu/workspace/codeigniter/system/core/Loader.php:419
[25-May-2015 08:17:44 UTC] PHP   7. include() /home/ubuntu/workspace/codeigniter/system/core/Loader.php:833
[25-May-2015 08:18:20 UTC] PHP Fatal error:  Call to undefined function base_url() in /home/ubuntu/workspace/codeigniter/application/views/welcome_message.php on line 70
[25-May-2015 08:18:20 UTC] PHP Stack trace:
[25-May-2015 08:18:20 UTC] PHP   1. {main}() /home/ubuntu/workspace/codeigniter/index.php:0
[25-May-2015 08:18:20 UTC] PHP   2. require_once() /home/ubuntu/workspace/codeigniter/index.php:202
[25-May-2015 08:18:20 UTC] PHP   3. call_user_func_array:{/home/ubuntu/workspace/codeigniter/system/core/CodeIgniter.php:359}() /home/ubuntu/workspace/codeigniter/system/core/CodeIgniter.php:359
[25-May-2015 08:18:20 UTC] PHP   4. Welcome->index() /home/ubuntu/workspace/codeigniter/system/core/CodeIgniter.php:359
[25-May-2015 08:18:20 UTC] PHP   5. CI_Loader->view() /home/ubuntu/workspace/codeigniter/application/controllers/welcome.php:28
[25-May-2015 08:18:20 UTC] PHP   6. CI_Loader->_ci_load() /home/ubuntu/workspace/codeigniter/system/core/Loader.php:419
[25-May-2015 08:18:20 UTC] PHP   7. include() /home/ubuntu/workspace/codeigniter/system/core/Loader.php:833
[25-May-2015 08:57:01 UTC] PHP Fatal error:  Call to undefined function base_url() in /home/ubuntu/workspace/codeigniter/application/views/welcome_message.php on line 64
[25-May-2015 08:57:01 UTC] PHP Stack trace:
[25-May-2015 08:57:01 UTC] PHP   1. {main}() /home/ubuntu/workspace/codeigniter/index.php:0
[25-May-2015 08:57:01 UTC] PHP   2. require_once() /home/ubuntu/workspace/codeigniter/index.php:202
[25-May-2015 08:57:01 UTC] PHP   3. call_user_func_array:{/home/ubuntu/workspace/codeigniter/system/core/CodeIgniter.php:359}() /home/ubuntu/workspace/codeigniter/system/core/CodeIgniter.php:359
[25-May-2015 08:57:01 UTC] PHP   4. Welcome->index() /home/ubuntu/workspace/codeigniter/system/core/CodeIgniter.php:359
[25-May-2015 08:57:01 UTC] PHP   5. CI_Loader->view() /home/ubuntu/workspace/codeigniter/application/controllers/welcome.php:28
[25-May-2015 08:57:01 UTC] PHP   6. CI_Loader->_ci_load() /home/ubuntu/workspace/codeigniter/system/core/Loader.php:419
[25-May-2015 08:57:01 UTC] PHP   7. include() /home/ubuntu/workspace/codeigniter/system/core/Loader.php:833
[25-May-2015 08:57:06 UTC] PHP Fatal error:  Call to undefined function base_url() in /home/ubuntu/workspace/codeigniter/application/views/welcome_message.php on line 64
[25-May-2015 08:57:06 UTC] PHP Stack trace:
[25-May-2015 08:57:06 UTC] PHP   1. {main}() /home/ubuntu/workspace/codeigniter/index.php:0
[25-May-2015 08:57:06 UTC] PHP   2. require_once() /home/ubuntu/workspace/codeigniter/index.php:202
[25-May-2015 08:57:06 UTC] PHP   3. call_user_func_array:{/home/ubuntu/workspace/codeigniter/system/core/CodeIgniter.php:359}() /home/ubuntu/workspace/codeigniter/system/core/CodeIgniter.php:359
[25-May-2015 08:57:06 UTC] PHP   4. Welcome->index() /home/ubuntu/workspace/codeigniter/system/core/CodeIgniter.php:359
[25-May-2015 08:57:06 UTC] PHP   5. CI_Loader->view() /home/ubuntu/workspace/codeigniter/application/controllers/welcome.php:28
[25-May-2015 08:57:06 UTC] PHP   6. CI_Loader->_ci_load() /home/ubuntu/workspace/codeigniter/system/core/Loader.php:419
[25-May-2015 08:57:06 UTC] PHP   7. include() /home/ubuntu/workspace/codeigniter/system/core/Loader.php:833
[25-May-2015 08:57:55 UTC] PHP Fatal error:  Call to undefined function base_url() in /home/ubuntu/workspace/codeigniter/application/views/welcome_message.php on line 65
[25-May-2015 08:57:55 UTC] PHP Stack trace:
[25-May-2015 08:57:55 UTC] PHP   1. {main}() /home/ubuntu/workspace/codeigniter/index.php:0
[25-May-2015 08:57:55 UTC] PHP   2. require_once() /home/ubuntu/workspace/codeigniter/index.php:202
[25-May-2015 08:57:55 UTC] PHP   3. call_user_func_array:{/home/ubuntu/workspace/codeigniter/system/core/CodeIgniter.php:359}() /home/ubuntu/workspace/codeigniter/system/core/CodeIgniter.php:359
[25-May-2015 08:57:55 UTC] PHP   4. Welcome->index() /home/ubuntu/workspace/codeigniter/system/core/CodeIgniter.php:359
[25-May-2015 08:57:55 UTC] PHP   5. CI_Loader->view() /home/ubuntu/workspace/codeigniter/application/controllers/welcome.php:28
[25-May-2015 08:57:55 UTC] PHP   6. CI_Loader->_ci_load() /home/ubuntu/workspace/codeigniter/system/core/Loader.php:419
[25-May-2015 08:57:55 UTC] PHP   7. include() /home/ubuntu/workspace/codeigniter/system/core/Loader.php:833
[25-May-2015 08:58:13 UTC] PHP Fatal error:  Call to undefined function base_url() in /home/ubuntu/workspace/codeigniter/application/views/welcome_message.php on line 65
[25-May-2015 08:58:13 UTC] PHP Stack trace:
[25-May-2015 08:58:13 UTC] PHP   1. {main}() /home/ubuntu/workspace/codeigniter/index.php:0
[25-May-2015 08:58:13 UTC] PHP   2. require_once() /home/ubuntu/workspace/codeigniter/index.php:202
[25-May-2015 08:58:13 UTC] PHP   3. call_user_func_array:{/home/ubuntu/workspace/codeigniter/system/core/CodeIgniter.php:359}() /home/ubuntu/workspace/codeigniter/system/core/CodeIgniter.php:359
[25-May-2015 08:58:13 UTC] PHP   4. Welcome->index() /home/ubuntu/workspace/codeigniter/system/core/CodeIgniter.php:359
[25-May-2015 08:58:13 UTC] PHP   5. CI_Loader->view() /home/ubuntu/workspace/codeigniter/application/controllers/welcome.php:28
[25-May-2015 08:58:13 UTC] PHP   6. CI_Loader->_ci_load() /home/ubuntu/workspace/codeigniter/system/core/Loader.php:419
[25-May-2015 08:58:13 UTC] PHP   7. include() /home/ubuntu/workspace/codeigniter/system/core/Loader.php:833
[25-May-2015 09:00:09 UTC] PHP Fatal error:  Call to undefined function base_url() in /home/ubuntu/workspace/codeigniter/application/views/welcome_message.php on line 42
[25-May-2015 09:00:09 UTC] PHP Stack trace:
[25-May-2015 09:00:09 UTC] PHP   1. {main}() /home/ubuntu/workspace/codeigniter/index.php:0
[25-May-2015 09:00:09 UTC] PHP   2. require_once() /home/ubuntu/workspace/codeigniter/index.php:202
[25-May-2015 09:00:09 UTC] PHP   3. call_user_func_array:{/home/ubuntu/workspace/codeigniter/system/core/CodeIgniter.php:359}() /home/ubuntu/workspace/codeigniter/system/core/CodeIgniter.php:359
[25-May-2015 09:00:09 UTC] PHP   4. Welcome->index() /home/ubuntu/workspace/codeigniter/system/core/CodeIgniter.php:359
[25-May-2015 09:00:09 UTC] PHP   5. CI_Loader->view() /home/ubuntu/workspace/codeigniter/application/controllers/welcome.php:28
[25-May-2015 09:00:09 UTC] PHP   6. CI_Loader->_ci_load() /home/ubuntu/workspace/codeigniter/system/core/Loader.php:419
[25-May-2015 09:00:09 UTC] PHP   7. include() /home/ubuntu/workspace/codeigniter/system/core/Loader.php:833
[25-May-2015 09:00:12 UTC] PHP Fatal error:  Call to undefined function base_url() in /home/ubuntu/workspace/codeigniter/application/views/welcome_message.php on line 42
[25-May-2015 09:00:12 UTC] PHP Stack trace:
[25-May-2015 09:00:12 UTC] PHP   1. {main}() /home/ubuntu/workspace/codeigniter/index.php:0
[25-May-2015 09:00:12 UTC] PHP   2. require_once() /home/ubuntu/workspace/codeigniter/index.php:202
[25-May-2015 09:00:12 UTC] PHP   3. call_user_func_array:{/home/ubuntu/workspace/codeigniter/system/core/CodeIgniter.php:359}() /home/ubuntu/workspace/codeigniter/system/core/CodeIgniter.php:359
[25-May-2015 09:00:12 UTC] PHP   4. Welcome->index() /home/ubuntu/workspace/codeigniter/system/core/CodeIgniter.php:359
[25-May-2015 09:00:12 UTC] PHP   5. CI_Loader->view() /home/ubuntu/workspace/codeigniter/application/controllers/welcome.php:28
[25-May-2015 09:00:12 UTC] PHP   6. CI_Loader->_ci_load() /home/ubuntu/workspace/codeigniter/system/core/Loader.php:419
[25-May-2015 09:00:12 UTC] PHP   7. include() /home/ubuntu/workspace/codeigniter/system/core/Loader.php:833
[25-May-2015 09:01:27 UTC] PHP Fatal error:  Call to undefined function base_url() in /home/ubuntu/workspace/codeigniter/application/views/welcome_message.php on line 65
[25-May-2015 09:01:27 UTC] PHP Stack trace:
[25-May-2015 09:01:27 UTC] PHP   1. {main}() /home/ubuntu/workspace/codeigniter/index.php:0
[25-May-2015 09:01:27 UTC] PHP   2. require_once() /home/ubuntu/workspace/codeigniter/index.php:202
[25-May-2015 09:01:27 UTC] PHP   3. call_user_func_array:{/home/ubuntu/workspace/codeigniter/system/core/CodeIgniter.php:359}() /home/ubuntu/workspace/codeigniter/system/core/CodeIgniter.php:359
[25-May-2015 09:01:27 UTC] PHP   4. Welcome->index() /home/ubuntu/workspace/codeigniter/system/core/CodeIgniter.php:359
[25-May-2015 09:01:27 UTC] PHP   5. CI_Loader->view() /home/ubuntu/workspace/codeigniter/application/controllers/welcome.php:28
[25-May-2015 09:01:27 UTC] PHP   6. CI_Loader->_ci_load() /home/ubuntu/workspace/codeigniter/system/core/Loader.php:419
[25-May-2015 09:01:27 UTC] PHP   7. include() /home/ubuntu/workspace/codeigniter/system/core/Loader.php:833
[25-May-2015 09:02:00 UTC] PHP Fatal error:  Call to undefined function base_url() in /home/ubuntu/workspace/codeigniter/application/views/welcome_message.php on line 65
[25-May-2015 09:02:00 UTC] PHP Stack trace:
[25-May-2015 09:02:00 UTC] PHP   1. {main}() /home/ubuntu/workspace/codeigniter/index.php:0
[25-May-2015 09:02:00 UTC] PHP   2. require_once() /home/ubuntu/workspace/codeigniter/index.php:202
[25-May-2015 09:02:00 UTC] PHP   3. call_user_func_array:{/home/ubuntu/workspace/codeigniter/system/core/CodeIgniter.php:359}() /home/ubuntu/workspace/codeigniter/system/core/CodeIgniter.php:359
[25-May-2015 09:02:00 UTC] PHP   4. Welcome->index() /home/ubuntu/workspace/codeigniter/system/core/CodeIgniter.php:359
[25-May-2015 09:02:00 UTC] PHP   5. CI_Loader->view() /home/ubuntu/workspace/codeigniter/application/controllers/welcome.php:28
[25-May-2015 09:02:00 UTC] PHP   6. CI_Loader->_ci_load() /home/ubuntu/workspace/codeigniter/system/core/Loader.php:419
[25-May-2015 09:02:00 UTC] PHP   7. include() /home/ubuntu/workspace/codeigniter/system/core/Loader.php:833
[25-May-2015 09:02:06 UTC] PHP Fatal error:  Call to undefined function base_url() in /home/ubuntu/workspace/codeigniter/application/views/welcome_message.php on line 65
[25-May-2015 09:02:06 UTC] PHP Stack trace:
[25-May-2015 09:02:06 UTC] PHP   1. {main}() /home/ubuntu/workspace/codeigniter/index.php:0
[25-May-2015 09:02:06 UTC] PHP   2. require_once() /home/ubuntu/workspace/codeigniter/index.php:202
[25-May-2015 09:02:06 UTC] PHP   3. call_user_func_array:{/home/ubuntu/workspace/codeigniter/system/core/CodeIgniter.php:359}() /home/ubuntu/workspace/codeigniter/system/core/CodeIgniter.php:359
[25-May-2015 09:02:06 UTC] PHP   4. Welcome->index() /home/ubuntu/workspace/codeigniter/system/core/CodeIgniter.php:359
[25-May-2015 09:02:06 UTC] PHP   5. CI_Loader->view() /home/ubuntu/workspace/codeigniter/application/controllers/welcome.php:28
[25-May-2015 09:02:06 UTC] PHP   6. CI_Loader->_ci_load() /home/ubuntu/workspace/codeigniter/system/core/Loader.php:419
[25-May-2015 09:02:06 UTC] PHP   7. include() /home/ubuntu/workspace/codeigniter/system/core/Loader.php:833
[25-May-2015 09:02:33 UTC] PHP Fatal error:  Call to undefined function base_url() in /home/ubuntu/workspace/codeigniter/application/views/welcome_message.php on line 41
[25-May-2015 09:02:33 UTC] PHP Stack trace:
[25-May-2015 09:02:33 UTC] PHP   1. {main}() /home/ubuntu/workspace/codeigniter/index.php:0
[25-May-2015 09:02:33 UTC] PHP   2. require_once() /home/ubuntu/workspace/codeigniter/index.php:202
[25-May-2015 09:02:33 UTC] PHP   3. call_user_func_array:{/home/ubuntu/workspace/codeigniter/system/core/CodeIgniter.php:359}() /home/ubuntu/workspace/codeigniter/system/core/CodeIgniter.php:359
[25-May-2015 09:02:33 UTC] PHP   4. Welcome->index() /home/ubuntu/workspace/codeigniter/system/core/CodeIgniter.php:359
[25-May-2015 09:02:33 UTC] PHP   5. CI_Loader->view() /home/ubuntu/workspace/codeigniter/application/controllers/welcome.php:28
[25-May-2015 09:02:33 UTC] PHP   6. CI_Loader->_ci_load() /home/ubuntu/workspace/codeigniter/system/core/Loader.php:419
[25-May-2015 09:02:33 UTC] PHP   7. include() /home/ubuntu/workspace/codeigniter/system/core/Loader.php:833
[25-May-2015 09:02:38 UTC] PHP Fatal error:  Call to undefined function base_url() in /home/ubuntu/workspace/codeigniter/application/views/welcome_message.php on line 41
[25-May-2015 09:02:38 UTC] PHP Stack trace:
[25-May-2015 09:02:38 UTC] PHP   1. {main}() /home/ubuntu/workspace/codeigniter/index.php:0
[25-May-2015 09:02:38 UTC] PHP   2. require_once() /home/ubuntu/workspace/codeigniter/index.php:202
[25-May-2015 09:02:38 UTC] PHP   3. call_user_func_array:{/home/ubuntu/workspace/codeigniter/system/core/CodeIgniter.php:359}() /home/ubuntu/workspace/codeigniter/system/core/CodeIgniter.php:359
[25-May-2015 09:02:38 UTC] PHP   4. Welcome->index() /home/ubuntu/workspace/codeigniter/system/core/CodeIgniter.php:359
[25-May-2015 09:02:38 UTC] PHP   5. CI_Loader->view() /home/ubuntu/workspace/codeigniter/application/controllers/welcome.php:28
[25-May-2015 09:02:38 UTC] PHP   6. CI_Loader->_ci_load() /home/ubuntu/workspace/codeigniter/system/core/Loader.php:419
[25-May-2015 09:02:38 UTC] PHP   7. include() /home/ubuntu/workspace/codeigniter/system/core/Loader.php:833
[25-May-2015 09:03:50 UTC] PHP Fatal error:  Call to undefined function base_url() in /home/ubuntu/workspace/codeigniter/application/views/welcome_message.php on line 68
[25-May-2015 09:03:50 UTC] PHP Stack trace:
[25-May-2015 09:03:50 UTC] PHP   1. {main}() /home/ubuntu/workspace/codeigniter/index.php:0
[25-May-2015 09:03:50 UTC] PHP   2. require_once() /home/ubuntu/workspace/codeigniter/index.php:202
[25-May-2015 09:03:50 UTC] PHP   3. call_user_func_array:{/home/ubuntu/workspace/codeigniter/system/core/CodeIgniter.php:359}() /home/ubuntu/workspace/codeigniter/system/core/CodeIgniter.php:359
[25-May-2015 09:03:50 UTC] PHP   4. Welcome->index() /home/ubuntu/workspace/codeigniter/system/core/CodeIgniter.php:359
[25-May-2015 09:03:50 UTC] PHP   5. CI_Loader->view() /home/ubuntu/workspace/codeigniter/application/controllers/welcome.php:28
[25-May-2015 09:03:50 UTC] PHP   6. CI_Loader->_ci_load() /home/ubuntu/workspace/codeigniter/system/core/Loader.php:419
[25-May-2015 09:03:50 UTC] PHP   7. include() /home/ubuntu/workspace/codeigniter/system/core/Loader.php:833
[25-May-2015 09:03:57 UTC] PHP Fatal error:  Call to undefined function base_url() in /home/ubuntu/workspace/codeigniter/application/views/welcome_message.php on line 68
[25-May-2015 09:03:57 UTC] PHP Stack trace:
[25-May-2015 09:03:57 UTC] PHP   1. {main}() /home/ubuntu/workspace/codeigniter/index.php:0
[25-May-2015 09:03:57 UTC] PHP   2. require_once() /home/ubuntu/workspace/codeigniter/index.php:202
[25-May-2015 09:03:57 UTC] PHP   3. call_user_func_array:{/home/ubuntu/workspace/codeigniter/system/core/CodeIgniter.php:359}() /home/ubuntu/workspace/codeigniter/system/core/CodeIgniter.php:359
[25-May-2015 09:03:57 UTC] PHP   4. Welcome->index() /home/ubuntu/workspace/codeigniter/system/core/CodeIgniter.php:359
[25-May-2015 09:03:57 UTC] PHP   5. CI_Loader->view() /home/ubuntu/workspace/codeigniter/application/controllers/welcome.php:28
[25-May-2015 09:03:57 UTC] PHP   6. CI_Loader->_ci_load() /home/ubuntu/workspace/codeigniter/system/core/Loader.php:419
[25-May-2015 09:03:57 UTC] PHP   7. include() /home/ubuntu/workspace/codeigniter/system/core/Loader.php:833
[25-May-2015 09:04:19 UTC] PHP Fatal error:  Call to undefined function base_url() in /home/ubuntu/workspace/codeigniter/application/views/welcome_message.php on line 68
[25-May-2015 09:04:19 UTC] PHP Stack trace:
[25-May-2015 09:04:19 UTC] PHP   1. {main}() /home/ubuntu/workspace/codeigniter/index.php:0
[25-May-2015 09:04:19 UTC] PHP   2. require_once() /home/ubuntu/workspace/codeigniter/index.php:202
[25-May-2015 09:04:19 UTC] PHP   3. call_user_func_array:{/home/ubuntu/workspace/codeigniter/system/core/CodeIgniter.php:359}() /home/ubuntu/workspace/codeigniter/system/core/CodeIgniter.php:359
[25-May-2015 09:04:19 UTC] PHP   4. Welcome->index() /home/ubuntu/workspace/codeigniter/system/core/CodeIgniter.php:359
[25-May-2015 09:04:19 UTC] PHP   5. CI_Loader->view() /home/ubuntu/workspace/codeigniter/application/controllers/welcome.php:28
[25-May-2015 09:04:19 UTC] PHP   6. CI_Loader->_ci_load() /home/ubuntu/workspace/codeigniter/system/core/Loader.php:419
[25-May-2015 09:04:19 UTC] PHP   7. include() /home/ubuntu/workspace/codeigniter/system/core/Loader.php:833
[25-May-2015 09:04:21 UTC] PHP Fatal error:  Call to undefined function base_url() in /home/ubuntu/workspace/codeigniter/application/views/welcome_message.php on line 68
[25-May-2015 09:04:21 UTC] PHP Stack trace:
[25-May-2015 09:04:21 UTC] PHP   1. {main}() /home/ubuntu/workspace/codeigniter/index.php:0
[25-May-2015 09:04:21 UTC] PHP   2. require_once() /home/ubuntu/workspace/codeigniter/index.php:202
[25-May-2015 09:04:21 UTC] PHP   3. call_user_func_array:{/home/ubuntu/workspace/codeigniter/system/core/CodeIgniter.php:359}() /home/ubuntu/workspace/codeigniter/system/core/CodeIgniter.php:359
[25-May-2015 09:04:21 UTC] PHP   4. Welcome->index() /home/ubuntu/workspace/codeigniter/system/core/CodeIgniter.php:359
[25-May-2015 09:04:21 UTC] PHP   5. CI_Loader->view() /home/ubuntu/workspace/codeigniter/application/controllers/welcome.php:28
[25-May-2015 09:04:21 UTC] PHP   6. CI_Loader->_ci_load() /home/ubuntu/workspace/codeigniter/system/core/Loader.php:419
[25-May-2015 09:04:21 UTC] PHP   7. include() /home/ubuntu/workspace/codeigniter/system/core/Loader.php:833
[25-May-2015 09:04:38 UTC] PHP Fatal error:  Call to undefined function base_url() in /home/ubuntu/workspace/codeigniter/application/views/welcome_message.php on line 68
[25-May-2015 09:04:38 UTC] PHP Stack trace:
[25-May-2015 09:04:38 UTC] PHP   1. {main}() /home/ubuntu/workspace/codeigniter/index.php:0
[25-May-2015 09:04:38 UTC] PHP   2. require_once() /home/ubuntu/workspace/codeigniter/index.php:202
[25-May-2015 09:04:38 UTC] PHP   3. call_user_func_array:{/home/ubuntu/workspace/codeigniter/system/core/CodeIgniter.php:359}() /home/ubuntu/workspace/codeigniter/system/core/CodeIgniter.php:359
[25-May-2015 09:04:38 UTC] PHP   4. Welcome->index() /home/ubuntu/workspace/codeigniter/system/core/CodeIgniter.php:359
[25-May-2015 09:04:38 UTC] PHP   5. CI_Loader->view() /home/ubuntu/workspace/codeigniter/application/controllers/welcome.php:28
[25-May-2015 09:04:38 UTC] PHP   6. CI_Loader->_ci_load() /home/ubuntu/workspace/codeigniter/system/core/Loader.php:419
[25-May-2015 09:04:38 UTC] PHP   7. include() /home/ubuntu/workspace/codeigniter/system/core/Loader.php:833
[25-May-2015 09:05:09 UTC] PHP Fatal error:  Call to undefined function base_url() in /home/ubuntu/workspace/codeigniter/application/views/welcome_message.php on line 68
[25-May-2015 09:05:09 UTC] PHP Stack trace:
[25-May-2015 09:05:09 UTC] PHP   1. {main}() /home/ubuntu/workspace/codeigniter/index.php:0
[25-May-2015 09:05:09 UTC] PHP   2. require_once() /home/ubuntu/workspace/codeigniter/index.php:202
[25-May-2015 09:05:09 UTC] PHP   3. call_user_func_array:{/home/ubuntu/workspace/codeigniter/system/core/CodeIgniter.php:359}() /home/ubuntu/workspace/codeigniter/system/core/CodeIgniter.php:359
[25-May-2015 09:05:09 UTC] PHP   4. Welcome->index() /home/ubuntu/workspace/codeigniter/system/core/CodeIgniter.php:359
[25-May-2015 09:05:09 UTC] PHP   5. CI_Loader->view() /home/ubuntu/workspace/codeigniter/application/controllers/welcome.php:28
[25-May-2015 09:05:09 UTC] PHP   6. CI_Loader->_ci_load() /home/ubuntu/workspace/codeigniter/system/core/Loader.php:419
[25-May-2015 09:05:09 UTC] PHP   7. include() /home/ubuntu/workspace/codeigniter/system/core/Loader.php:833
[25-May-2015 09:05:54 UTC] PHP Fatal error:  Call to undefined function base_url() in /home/ubuntu/workspace/codeigniter/application/views/welcome_message.php on line 68
[25-May-2015 09:05:54 UTC] PHP Stack trace:
[25-May-2015 09:05:54 UTC] PHP   1. {main}() /home/ubuntu/workspace/codeigniter/index.php:0
[25-May-2015 09:05:54 UTC] PHP   2. require_once() /home/ubuntu/workspace/codeigniter/index.php:202
[25-May-2015 09:05:54 UTC] PHP   3. call_user_func_array:{/home/ubuntu/workspace/codeigniter/system/core/CodeIgniter.php:359}() /home/ubuntu/workspace/codeigniter/system/core/CodeIgniter.php:359
[25-May-2015 09:05:54 UTC] PHP   4. Welcome->index() /home/ubuntu/workspace/codeigniter/system/core/CodeIgniter.php:359
[25-May-2015 09:05:54 UTC] PHP   5. CI_Loader->view() /home/ubuntu/workspace/codeigniter/application/controllers/welcome.php:28
[25-May-2015 09:05:54 UTC] PHP   6. CI_Loader->_ci_load() /home/ubuntu/workspace/codeigniter/system/core/Loader.php:419
[25-May-2015 09:05:54 UTC] PHP   7. include() /home/ubuntu/workspace/codeigniter/system/core/Loader.php:833
[25-May-2015 09:06:12 UTC] PHP Parse error:  syntax error, unexpected 'echo' (T_ECHO) in /home/ubuntu/workspace/codeigniter/application/views/welcome_message.php on line 70
[25-May-2015 09:06:12 UTC] PHP Stack trace:
[25-May-2015 09:06:12 UTC] PHP   1. {main}() /home/ubuntu/workspace/codeigniter/index.php:0
[25-May-2015 09:06:12 UTC] PHP   2. require_once() /home/ubuntu/workspace/codeigniter/index.php:202
[25-May-2015 09:06:12 UTC] PHP   3. call_user_func_array:{/home/ubuntu/workspace/codeigniter/system/core/CodeIgniter.php:359}() /home/ubuntu/workspace/codeigniter/system/core/CodeIgniter.php:359
[25-May-2015 09:06:12 UTC] PHP   4. Welcome->index() /home/ubuntu/workspace/codeigniter/system/core/CodeIgniter.php:359
[25-May-2015 09:06:12 UTC] PHP   5. CI_Loader->view() /home/ubuntu/workspace/codeigniter/application/controllers/welcome.php:28
[25-May-2015 09:06:12 UTC] PHP   6. CI_Loader->_ci_load() /home/ubuntu/workspace/codeigniter/system/core/Loader.php:419
[25-May-2015 09:06:45 UTC] PHP Fatal error:  Call to undefined function base_url() in /home/ubuntu/workspace/codeigniter/application/views/welcome_message.php on line 68
[25-May-2015 09:06:45 UTC] PHP Stack trace:
[25-May-2015 09:06:45 UTC] PHP   1. {main}() /home/ubuntu/workspace/codeigniter/index.php:0
[25-May-2015 09:06:45 UTC] PHP   2. require_once() /home/ubuntu/workspace/codeigniter/index.php:202
[25-May-2015 09:06:45 UTC] PHP   3. call_user_func_array:{/home/ubuntu/workspace/codeigniter/system/core/CodeIgniter.php:359}() /home/ubuntu/workspace/codeigniter/system/core/CodeIgniter.php:359
[25-May-2015 09:06:45 UTC] PHP   4. Welcome->index() /home/ubuntu/workspace/codeigniter/system/core/CodeIgniter.php:359
[25-May-2015 09:06:45 UTC] PHP   5. CI_Loader->view() /home/ubuntu/workspace/codeigniter/application/controllers/welcome.php:28
[25-May-2015 09:06:45 UTC] PHP   6. CI_Loader->_ci_load() /home/ubuntu/workspace/codeigniter/system/core/Loader.php:419
[25-May-2015 09:06:45 UTC] PHP   7. include() /home/ubuntu/workspace/codeigniter/system/core/Loader.php:833
[25-May-2015 09:06:49 UTC] PHP Fatal error:  Call to undefined function base_url() in /home/ubuntu/workspace/codeigniter/application/views/welcome_message.php on line 68
[25-May-2015 09:06:49 UTC] PHP Stack trace:
[25-May-2015 09:06:49 UTC] PHP   1. {main}() /home/ubuntu/workspace/codeigniter/index.php:0
[25-May-2015 09:06:49 UTC] PHP   2. require_once() /home/ubuntu/workspace/codeigniter/index.php:202
[25-May-2015 09:06:49 UTC] PHP   3. call_user_func_array:{/home/ubuntu/workspace/codeigniter/system/core/CodeIgniter.php:359}() /home/ubuntu/workspace/codeigniter/system/core/CodeIgniter.php:359
[25-May-2015 09:06:49 UTC] PHP   4. Welcome->index() /home/ubuntu/workspace/codeigniter/system/core/CodeIgniter.php:359
[25-May-2015 09:06:49 UTC] PHP   5. CI_Loader->view() /home/ubuntu/workspace/codeigniter/application/controllers/welcome.php:28
[25-May-2015 09:06:49 UTC] PHP   6. CI_Loader->_ci_load() /home/ubuntu/workspace/codeigniter/system/core/Loader.php:419
[25-May-2015 09:06:49 UTC] PHP   7. include() /home/ubuntu/workspace/codeigniter/system/core/Loader.php:833
[25-May-2015 09:07:18 UTC] PHP Fatal error:  Call to undefined function base_url() in /home/ubuntu/workspace/codeigniter/application/views/welcome_message.php on line 69
[25-May-2015 09:07:18 UTC] PHP Stack trace:
[25-May-2015 09:07:18 UTC] PHP   1. {main}() /home/ubuntu/workspace/codeigniter/index.php:0
[25-May-2015 09:07:18 UTC] PHP   2. require_once() /home/ubuntu/workspace/codeigniter/index.php:202
[25-May-2015 09:07:18 UTC] PHP   3. call_user_func_array:{/home/ubuntu/workspace/codeigniter/system/core/CodeIgniter.php:359}() /home/ubuntu/workspace/codeigniter/system/core/CodeIgniter.php:359
[25-May-2015 09:07:18 UTC] PHP   4. Welcome->index() /home/ubuntu/workspace/codeigniter/system/core/CodeIgniter.php:359
[25-May-2015 09:07:18 UTC] PHP   5. CI_Loader->view() /home/ubuntu/workspace/codeigniter/application/controllers/welcome.php:28
[25-May-2015 09:07:18 UTC] PHP   6. CI_Loader->_ci_load() /home/ubuntu/workspace/codeigniter/system/core/Loader.php:419
[25-May-2015 09:07:18 UTC] PHP   7. include() /home/ubuntu/workspace/codeigniter/system/core/Loader.php:833
[25-May-2015 09:07:47 UTC] PHP Fatal error:  Call to undefined function base_url() in /home/ubuntu/workspace/codeigniter/application/views/welcome_message.php on line 69
[25-May-2015 09:07:47 UTC] PHP Stack trace:
[25-May-2015 09:07:47 UTC] PHP   1. {main}() /home/ubuntu/workspace/codeigniter/index.php:0
[25-May-2015 09:07:47 UTC] PHP   2. require_once() /home/ubuntu/workspace/codeigniter/index.php:202
[25-May-2015 09:07:47 UTC] PHP   3. call_user_func_array:{/home/ubuntu/workspace/codeigniter/system/core/CodeIgniter.php:359}() /home/ubuntu/workspace/codeigniter/system/core/CodeIgniter.php:359
[25-May-2015 09:07:47 UTC] PHP   4. Welcome->index() /home/ubuntu/workspace/codeigniter/system/core/CodeIgniter.php:359
[25-May-2015 09:07:47 UTC] PHP   5. CI_Loader->view() /home/ubuntu/workspace/codeigniter/application/controllers/welcome.php:28
[25-May-2015 09:07:47 UTC] PHP   6. CI_Loader->_ci_load() /home/ubuntu/workspace/codeigniter/system/core/Loader.php:419
[25-May-2015 09:07:47 UTC] PHP   7. include() /home/ubuntu/workspace/codeigniter/system/core/Loader.php:833
[25-May-2015 09:08:01 UTC] PHP Fatal error:  Call to undefined function base_url() in /home/ubuntu/workspace/codeigniter/application/views/welcome_message.php on line 69
[25-May-2015 09:08:01 UTC] PHP Stack trace:
[25-May-2015 09:08:01 UTC] PHP   1. {main}() /home/ubuntu/workspace/codeigniter/index.php:0
[25-May-2015 09:08:01 UTC] PHP   2. require_once() /home/ubuntu/workspace/codeigniter/index.php:202
[25-May-2015 09:08:01 UTC] PHP   3. call_user_func_array:{/home/ubuntu/workspace/codeigniter/system/core/CodeIgniter.php:359}() /home/ubuntu/workspace/codeigniter/system/core/CodeIgniter.php:359
[25-May-2015 09:08:01 UTC] PHP   4. Welcome->index() /home/ubuntu/workspace/codeigniter/system/core/CodeIgniter.php:359
[25-May-2015 09:08:01 UTC] PHP   5. CI_Loader->view() /home/ubuntu/workspace/codeigniter/application/controllers/welcome.php:28
[25-May-2015 09:08:01 UTC] PHP   6. CI_Loader->_ci_load() /home/ubuntu/workspace/codeigniter/system/core/Loader.php:419
[25-May-2015 09:08:01 UTC] PHP   7. include() /home/ubuntu/workspace/codeigniter/system/core/Loader.php:833
[25-May-2015 09:08:49 UTC] PHP Fatal error:  Call to undefined function base_url() in /home/ubuntu/workspace/codeigniter/application/views/welcome_message.php on line 69
[25-May-2015 09:08:49 UTC] PHP Stack trace:
[25-May-2015 09:08:49 UTC] PHP   1. {main}() /home/ubuntu/workspace/codeigniter/index.php:0
[25-May-2015 09:08:49 UTC] PHP   2. require_once() /home/ubuntu/workspace/codeigniter/index.php:202
[25-May-2015 09:08:49 UTC] PHP   3. call_user_func_array:{/home/ubuntu/workspace/codeigniter/system/core/CodeIgniter.php:359}() /home/ubuntu/workspace/codeigniter/system/core/CodeIgniter.php:359
[25-May-2015 09:08:49 UTC] PHP   4. Welcome->index() /home/ubuntu/workspace/codeigniter/system/core/CodeIgniter.php:359
[25-May-2015 09:08:49 UTC] PHP   5. CI_Loader->view() /home/ubuntu/workspace/codeigniter/application/controllers/welcome.php:28
[25-May-2015 09:08:49 UTC] PHP   6. CI_Loader->_ci_load() /home/ubuntu/workspace/codeigniter/system/core/Loader.php:419
[25-May-2015 09:08:49 UTC] PHP   7. include() /home/ubuntu/workspace/codeigniter/system/core/Loader.php:833
[25-May-2015 09:10:53 UTC] PHP Fatal error:  Call to undefined function base_url() in /home/ubuntu/workspace/codeigniter/application/views/welcome_message.php on line 69
[25-May-2015 09:10:53 UTC] PHP Stack trace:
[25-May-2015 09:10:53 UTC] PHP   1. {main}() /home/ubuntu/workspace/codeigniter/index.php:0
[25-May-2015 09:10:53 UTC] PHP   2. require_once() /home/ubuntu/workspace/codeigniter/index.php:202
[25-May-2015 09:10:53 UTC] PHP   3. call_user_func_array:{/home/ubuntu/workspace/codeigniter/system/core/CodeIgniter.php:359}() /home/ubuntu/workspace/codeigniter/system/core/CodeIgniter.php:359
[25-May-2015 09:10:53 UTC] PHP   4. Welcome->index() /home/ubuntu/workspace/codeigniter/system/core/CodeIgniter.php:359
[25-May-2015 09:10:53 UTC] PHP   5. CI_Loader->view() /home/ubuntu/workspace/codeigniter/application/controllers/welcome.php:28
[25-May-2015 09:10:53 UTC] PHP   6. CI_Loader->_ci_load() /home/ubuntu/workspace/codeigniter/system/core/Loader.php:419
[25-May-2015 09:10:53 UTC] PHP   7. include() /home/ubuntu/workspace/codeigniter/system/core/Loader.php:833
[25-May-2015 09:11:21 UTC] PHP Fatal error:  Call to undefined function base_url() in /home/ubuntu/workspace/codeigniter/application/views/welcome_message.php on line 69
[25-May-2015 09:11:21 UTC] PHP Stack trace:
[25-May-2015 09:11:21 UTC] PHP   1. {main}() /home/ubuntu/workspace/codeigniter/index.php:0
[25-May-2015 09:11:21 UTC] PHP   2. require_once() /home/ubuntu/workspace/codeigniter/index.php:202
[25-May-2015 09:11:21 UTC] PHP   3. call_user_func_array:{/home/ubuntu/workspace/codeigniter/system/core/CodeIgniter.php:359}() /home/ubuntu/workspace/codeigniter/system/core/CodeIgniter.php:359
[25-May-2015 09:11:21 UTC] PHP   4. Welcome->index() /home/ubuntu/workspace/codeigniter/system/core/CodeIgniter.php:359
[25-May-2015 09:11:21 UTC] PHP   5. CI_Loader->view() /home/ubuntu/workspace/codeigniter/application/controllers/welcome.php:28
[25-May-2015 09:11:21 UTC] PHP   6. CI_Loader->_ci_load() /home/ubuntu/workspace/codeigniter/system/core/Loader.php:419
[25-May-2015 09:11:21 UTC] PHP   7. include() /home/ubuntu/workspace/codeigniter/system/core/Loader.php:833
[25-May-2015 09:13:05 UTC] PHP Fatal error:  Call to undefined function base_url() in /home/ubuntu/workspace/codeigniter/application/views/welcome_message.php on line 70
[25-May-2015 09:13:05 UTC] PHP Stack trace:
[25-May-2015 09:13:05 UTC] PHP   1. {main}() /home/ubuntu/workspace/codeigniter/index.php:0
[25-May-2015 09:13:05 UTC] PHP   2. require_once() /home/ubuntu/workspace/codeigniter/index.php:202
[25-May-2015 09:13:05 UTC] PHP   3. call_user_func_array:{/home/ubuntu/workspace/codeigniter/system/core/CodeIgniter.php:359}() /home/ubuntu/workspace/codeigniter/system/core/CodeIgniter.php:359
[25-May-2015 09:13:05 UTC] PHP   4. Welcome->index() /home/ubuntu/workspace/codeigniter/system/core/CodeIgniter.php:359
[25-May-2015 09:13:05 UTC] PHP   5. CI_Loader->view() /home/ubuntu/workspace/codeigniter/application/controllers/welcome.php:28
[25-May-2015 09:13:05 UTC] PHP   6. CI_Loader->_ci_load() /home/ubuntu/workspace/codeigniter/system/core/Loader.php:419
[25-May-2015 09:13:05 UTC] PHP   7. include() /home/ubuntu/workspace/codeigniter/system/core/Loader.php:833
[25-May-2015 09:14:06 UTC] PHP Fatal error:  Call to undefined function base_url() in /home/ubuntu/workspace/codeigniter/application/views/welcome_message.php on line 69
[25-May-2015 09:14:06 UTC] PHP Stack trace:
[25-May-2015 09:14:06 UTC] PHP   1. {main}() /home/ubuntu/workspace/codeigniter/index.php:0
[25-May-2015 09:14:06 UTC] PHP   2. require_once() /home/ubuntu/workspace/codeigniter/index.php:202
[25-May-2015 09:14:06 UTC] PHP   3. call_user_func_array:{/home/ubuntu/workspace/codeigniter/system/core/CodeIgniter.php:359}() /home/ubuntu/workspace/codeigniter/system/core/CodeIgniter.php:359
[25-May-2015 09:14:06 UTC] PHP   4. Welcome->index() /home/ubuntu/workspace/codeigniter/system/core/CodeIgniter.php:359
[25-May-2015 09:14:06 UTC] PHP   5. CI_Loader->view() /home/ubuntu/workspace/codeigniter/application/controllers/welcome.php:28
[25-May-2015 09:14:06 UTC] PHP   6. CI_Loader->_ci_load() /home/ubuntu/workspace/codeigniter/system/core/Loader.php:419
[25-May-2015 09:14:06 UTC] PHP   7. include() /home/ubuntu/workspace/codeigniter/system/core/Loader.php:833
[25-May-2015 09:14:25 UTC] PHP Fatal error:  Call to undefined function base_url() in /home/ubuntu/workspace/codeigniter/application/views/welcome_message.php on line 69
[25-May-2015 09:14:25 UTC] PHP Stack trace:
[25-May-2015 09:14:25 UTC] PHP   1. {main}() /home/ubuntu/workspace/codeigniter/index.php:0
[25-May-2015 09:14:25 UTC] PHP   2. require_once() /home/ubuntu/workspace/codeigniter/index.php:202
[25-May-2015 09:14:25 UTC] PHP   3. call_user_func_array:{/home/ubuntu/workspace/codeigniter/system/core/CodeIgniter.php:359}() /home/ubuntu/workspace/codeigniter/system/core/CodeIgniter.php:359
[25-May-2015 09:14:25 UTC] PHP   4. Welcome->index() /home/ubuntu/workspace/codeigniter/system/core/CodeIgniter.php:359
[25-May-2015 09:14:25 UTC] PHP   5. CI_Loader->view() /home/ubuntu/workspace/codeigniter/application/controllers/welcome.php:28
[25-May-2015 09:14:25 UTC] PHP   6. CI_Loader->_ci_load() /home/ubuntu/workspace/codeigniter/system/core/Loader.php:419
[25-May-2015 09:14:25 UTC] PHP   7. include() /home/ubuntu/workspace/codeigniter/system/core/Loader.php:833
[25-May-2015 09:14:28 UTC] PHP Fatal error:  Call to undefined function base_url() in /home/ubuntu/workspace/codeigniter/application/views/welcome_message.php on line 69
[25-May-2015 09:14:28 UTC] PHP Stack trace:
[25-May-2015 09:14:28 UTC] PHP   1. {main}() /home/ubuntu/workspace/codeigniter/index.php:0
[25-May-2015 09:14:28 UTC] PHP   2. require_once() /home/ubuntu/workspace/codeigniter/index.php:202
[25-May-2015 09:14:28 UTC] PHP   3. call_user_func_array:{/home/ubuntu/workspace/codeigniter/system/core/CodeIgniter.php:359}() /home/ubuntu/workspace/codeigniter/system/core/CodeIgniter.php:359
[25-May-2015 09:14:28 UTC] PHP   4. Welcome->index() /home/ubuntu/workspace/codeigniter/system/core/CodeIgniter.php:359
[25-May-2015 09:14:28 UTC] PHP   5. CI_Loader->view() /home/ubuntu/workspace/codeigniter/application/controllers/welcome.php:28
[25-May-2015 09:14:28 UTC] PHP   6. CI_Loader->_ci_load() /home/ubuntu/workspace/codeigniter/system/core/Loader.php:419
[25-May-2015 09:14:28 UTC] PHP   7. include() /home/ubuntu/workspace/codeigniter/system/core/Loader.php:833
[25-May-2015 09:17:20 UTC] PHP Fatal error:  Call to undefined function base_url() in /home/ubuntu/workspace/codeigniter/application/views/welcome_message.php on line 69
[25-May-2015 09:17:20 UTC] PHP Stack trace:
[25-May-2015 09:17:20 UTC] PHP   1. {main}() /home/ubuntu/workspace/codeigniter/index.php:0
[25-May-2015 09:17:20 UTC] PHP   2. require_once() /home/ubuntu/workspace/codeigniter/index.php:202
[25-May-2015 09:17:20 UTC] PHP   3. call_user_func_array:{/home/ubuntu/workspace/codeigniter/system/core/CodeIgniter.php:359}() /home/ubuntu/workspace/codeigniter/system/core/CodeIgniter.php:359
[25-May-2015 09:17:20 UTC] PHP   4. Welcome->index() /home/ubuntu/workspace/codeigniter/system/core/CodeIgniter.php:359
[25-May-2015 09:17:20 UTC] PHP   5. CI_Loader->view() /home/ubuntu/workspace/codeigniter/application/controllers/welcome.php:28
[25-May-2015 09:17:20 UTC] PHP   6. CI_Loader->_ci_load() /home/ubuntu/workspace/codeigniter/system/core/Loader.php:419
[25-May-2015 09:17:20 UTC] PHP   7. include() /home/ubuntu/workspace/codeigniter/system/core/Loader.php:833
[25-May-2015 09:17:27 UTC] PHP Fatal error:  Call to undefined function base_url() in /home/ubuntu/workspace/codeigniter/application/views/welcome_message.php on line 69
[25-May-2015 09:17:27 UTC] PHP Stack trace:
[25-May-2015 09:17:27 UTC] PHP   1. {main}() /home/ubuntu/workspace/codeigniter/index.php:0
[25-May-2015 09:17:27 UTC] PHP   2. require_once() /home/ubuntu/workspace/codeigniter/index.php:202
[25-May-2015 09:17:27 UTC] PHP   3. call_user_func_array:{/home/ubuntu/workspace/codeigniter/system/core/CodeIgniter.php:359}() /home/ubuntu/workspace/codeigniter/system/core/CodeIgniter.php:359
[25-May-2015 09:17:27 UTC] PHP   4. Welcome->index() /home/ubuntu/workspace/codeigniter/system/core/CodeIgniter.php:359
[25-May-2015 09:17:27 UTC] PHP   5. CI_Loader->view() /home/ubuntu/workspace/codeigniter/application/controllers/welcome.php:28
[25-May-2015 09:17:27 UTC] PHP   6. CI_Loader->_ci_load() /home/ubuntu/workspace/codeigniter/system/core/Loader.php:419
[25-May-2015 09:17:27 UTC] PHP   7. include() /home/ubuntu/workspace/codeigniter/system/core/Loader.php:833
[25-May-2015 09:51:40 UTC] PHP Fatal error:  Call to undefined function base_url() in /home/ubuntu/workspace/codeigniter/application/controllers/welcome.php on line 26
[25-May-2015 09:51:40 UTC] PHP Stack trace:
[25-May-2015 09:51:40 UTC] PHP   1. {main}() /home/ubuntu/workspace/codeigniter/index.php:0
[25-May-2015 09:51:40 UTC] PHP   2. require_once() /home/ubuntu/workspace/codeigniter/index.php:202
[25-May-2015 09:51:40 UTC] PHP   3. call_user_func_array:{/home/ubuntu/workspace/codeigniter/system/core/CodeIgniter.php:359}() /home/ubuntu/workspace/codeigniter/system/core/CodeIgniter.php:359
[25-May-2015 09:51:40 UTC] PHP   4. Welcome->index() /home/ubuntu/workspace/codeigniter/system/core/CodeIgniter.php:359
[25-May-2015 11:29:45 UTC] PHP Fatal error:  Call to undefined method User_model::create_new_student() in /home/ubuntu/workspace/codeigniter/application/controllers/welcome.php on line 38
[25-May-2015 11:29:45 UTC] PHP Stack trace:
[25-May-2015 11:29:45 UTC] PHP   1. {main}() /home/ubuntu/workspace/codeigniter/index.php:0
[25-May-2015 11:29:45 UTC] PHP   2. require_once() /home/ubuntu/workspace/codeigniter/index.php:202
[25-May-2015 11:29:45 UTC] PHP   3. call_user_func_array:{/home/ubuntu/workspace/codeigniter/system/core/CodeIgniter.php:359}() /home/ubuntu/workspace/codeigniter/system/core/CodeIgniter.php:359
[25-May-2015 11:29:45 UTC] PHP   4. Welcome->create_new_student() /home/ubuntu/workspace/codeigniter/system/core/CodeIgniter.php:359
[25-May-2015 11:30:58 UTC] PHP Fatal error:  Call to undefined method User_model::create_new_student() in /home/ubuntu/workspace/codeigniter/application/controllers/welcome.php on line 38
[25-May-2015 11:30:58 UTC] PHP Stack trace:
[25-May-2015 11:30:58 UTC] PHP   1. {main}() /home/ubuntu/workspace/codeigniter/index.php:0
[25-May-2015 11:30:58 UTC] PHP   2. require_once() /home/ubuntu/workspace/codeigniter/index.php:202
[25-May-2015 11:30:58 UTC] PHP   3. call_user_func_array:{/home/ubuntu/workspace/codeigniter/system/core/CodeIgniter.php:359}() /home/ubuntu/workspace/codeigniter/system/core/CodeIgniter.php:359
[25-May-2015 11:30:58 UTC] PHP   4. Welcome->create_new_student() /home/ubuntu/workspace/codeigniter/system/core/CodeIgniter.php:359
